<?xml version="1.0" encoding="UTF-8" ?>
<testsuite tests="3" failures="1" name="example.NewTest" time="1.032" errors="0" skipped="2">
  <properties>
[...]
</properties>
  <testcase classname="example.NewTest" name="beforeTest" time="1.031">
    <failure message="Cannot find firefox binary in PATH. Make sure firefox is installed. OS appears to be: XP
Build info: version: &apos;2.45.0&apos;, revision: &apos;5017cb8e7ca8e37638dc3091b2440b90a1d8686f&apos;, time: &apos;2015-02-27 09:10:26&apos;
System info: host: &apos;DESKTOP-2VE8QTK&apos;, ip: &apos;172.30.1.28&apos;, os.name: &apos;Windows 10&apos;, os.arch: &apos;amd64&apos;, os.version: &apos;10.0&apos;, java.version: &apos;1.8.0_212&apos;
Driver info: driver.version: FirefoxDriver" type="org.openqa.selenium.WebDriverException">org.openqa.selenium.WebDriverException: Cannot find firefox binary in PATH. Make sure firefox is installed. OS appears to be: XP
Build info: version: &apos;2.45.0&apos;, revision: &apos;5017cb8e7ca8e37638dc3091b2440b90a1d8686f&apos;, time: &apos;2015-02-27 09:10:26&apos;
System info: host: &apos;DESKTOP-2VE8QTK&apos;, ip: &apos;172.30.1.28&apos;, os.name: &apos;Windows 10&apos;, os.arch: &apos;amd64&apos;, os.version: &apos;10.0&apos;, java.version: &apos;1.8.0_212&apos;
Driver info: driver.version: FirefoxDriver
	at org.openqa.selenium.firefox.internal.Executable.&lt;init&gt;(Executable.java:72)
	at org.openqa.selenium.firefox.FirefoxBinary.&lt;init&gt;(FirefoxBinary.java:59)
	at org.openqa.selenium.firefox.FirefoxBinary.&lt;init&gt;(FirefoxBinary.java:55)
	at org.openqa.selenium.firefox.FirefoxDriver.&lt;init&gt;(FirefoxDriver.java:95)
	at example.NewTest.beforeTest(NewTest.java:22)
</failure>
    <system-out>Configuring TestNG with: org.apache.maven.surefire.testng.conf.TestNG652Configurator@26f0a63f
</system-out>
  </testcase>
  <testcase classname="example.NewTest" name="testEasy" time="0">
    <skipped/>
  </testcase>
  <testcase classname="example.NewTest" name="afterTest" time="0.001">
    <skipped/>
  </testcase>
</testsuite>