<?xml version="1.0" encoding="UTF-8"?>
<!-- Generated by org.testng.reporters.JUnitXMLReporter -->
<testsuite hostname="DESKTOP-2VE8QTK" name="Test" tests="1" failures="0" timestamp="12 Jun 2020 13:08:54 GMT" time="0.101" errors="0">
  <testcase name="@BeforeTest beforeTest" time="0.0" classname="example.NewTest">
    <failure type="java.util.ServiceConfigurationError" message="org.openqa.selenium.remote.http.HttpClient$Factory: Provider org.openqa.selenium.remote.http.okhttp.OkHttpClient$Factory could not be instantiated">
      <![CDATA[java.util.ServiceConfigurationError: org.openqa.selenium.remote.http.HttpClient$Factory: Provider org.openqa.selenium.remote.http.okhttp.OkHttpClient$Factory could not be instantiated
	at java.util.ServiceLoader.fail(ServiceLoader.java:232)
	at java.util.ServiceLoader.access$100(ServiceLoader.java:185)
	at java.util.ServiceLoader$LazyIterator.nextService(ServiceLoader.java:384)
	at java.util.ServiceLoader$LazyIterator.next(ServiceLoader.java:404)
	at java.util.ServiceLoader$1.next(ServiceLoader.java:480)
	at java.util.Spliterators$IteratorSpliterator.trySplit(Spliterators.java:1784)
	at java.util.stream.AbstractTask.compute(AbstractTask.java:297)
	at java.util.concurrent.CountedCompleter.exec(CountedCompleter.java:731)
	at java.util.concurrent.ForkJoinTask.doExec(ForkJoinTask.java:289)
	at java.util.concurrent.ForkJoinTask.doInvoke(ForkJoinTask.java:401)
	at java.util.concurrent.ForkJoinTask.invoke(ForkJoinTask.java:734)
	at java.util.stream.ReduceOps$ReduceOp.evaluateParallel(ReduceOps.java:714)
	at java.util.stream.AbstractPipeline.evaluate(AbstractPipeline.java:233)
	at java.util.stream.ReferencePipeline.collect(ReferencePipeline.java:499)
	at org.openqa.selenium.remote.http.HttpClient$Factory.create(HttpClient.java:52)
	at org.openqa.selenium.remote.http.HttpClient$Factory.createDefault(HttpClient.java:70)
	at org.openqa.selenium.remote.HttpCommandExecutor.<clinit>(HttpCommandExecutor.java:47)
	at org.openqa.selenium.firefox.FirefoxDriver.toExecutor(FirefoxDriver.java:206)
	at org.openqa.selenium.firefox.FirefoxDriver.<init>(FirefoxDriver.java:176)
	at org.openqa.selenium.firefox.FirefoxDriver.<init>(FirefoxDriver.java:154)
	at example.NewTest.beforeTest(NewTest.java:22)
Caused by: java.lang.NoClassDefFoundError: okhttp3/ConnectionPool
	at org.openqa.selenium.remote.http.okhttp.OkHttpClient$Factory.<init>(OkHttpClient.java:76)
	at java.lang.Class.newInstance(Class.java:442)
	at java.util.ServiceLoader$LazyIterator.nextService(ServiceLoader.java:380)
	... 40 more
Caused by: java.lang.ClassNotFoundException: okhttp3.ConnectionPool
	at java.net.URLClassLoader.findClass(URLClassLoader.java:382)
	at java.lang.ClassLoader.loadClass(ClassLoader.java:424)
	at sun.misc.Launcher$AppClassLoader.loadClass(Launcher.java:349)
	at java.lang.ClassLoader.loadClass(ClassLoader.java:357)
	... 47 more
... Removed 26 stack frames]]>
    </failure>
  </testcase> <!-- @BeforeTest beforeTest -->
  <testcase name="@AfterTest afterTest" time="0.0" classname="example.NewTest">
    <skipped/>
  </testcase> <!-- @AfterTest afterTest -->
  <testcase name="testEasy" time="0.002" classname="example.NewTest">
    <skipped/>
  </testcase> <!-- testEasy -->
</testsuite> <!-- Test -->
