<?xml version="1.0" encoding="UTF-8"?>
<testng-results skipped="1" failed="0" total="1" passed="0">
  <reporter-output>
  </reporter-output>
  <suite name="Suite" duration-ms="101" started-at="2020-06-12T13:08:54Z" finished-at="2020-06-12T13:08:54Z">
    <groups>
    </groups>
    <test name="Test" duration-ms="101" started-at="2020-06-12T13:08:54Z" finished-at="2020-06-12T13:08:54Z">
      <class name="example.NewTest">
        <test-method status="FAIL" signature="beforeTest()[pri:0, instance:example.NewTest@3ee0fea4]" name="beforeTest" is-config="true" duration-ms="0" started-at="2020-06-12T22:08:54Z" finished-at="2020-06-12T22:08:54Z">
          <exception class="java.util.ServiceConfigurationError">
            <message>
              <![CDATA[org.openqa.selenium.remote.http.HttpClient$Factory: Provider org.openqa.selenium.remote.http.okhttp.OkHttpClient$Factory could not be instantiated]]>
            </message>
            <full-stacktrace>
              <![CDATA[java.util.ServiceConfigurationError: org.openqa.selenium.remote.http.HttpClient$Factory: Provider org.openqa.selenium.remote.http.okhttp.OkHttpClient$Factory could not be instantiated
	at java.util.ServiceLoader.fail(ServiceLoader.java:232)
	at java.util.ServiceLoader.access$100(ServiceLoader.java:185)
	at java.util.ServiceLoader$LazyIterator.nextService(ServiceLoader.java:384)
	at java.util.ServiceLoader$LazyIterator.next(ServiceLoader.java:404)
	at java.util.ServiceLoader$1.next(ServiceLoader.java:480)
	at java.util.Spliterators$IteratorSpliterator.trySplit(Spliterators.java:1784)
	at java.util.stream.AbstractTask.compute(AbstractTask.java:297)
	at java.util.concurrent.CountedCompleter.exec(CountedCompleter.java:731)
	at java.util.concurrent.ForkJoinTask.doExec(ForkJoinTask.java:289)
	at java.util.concurrent.ForkJoinTask.doInvoke(ForkJoinTask.java:401)
	at java.util.concurrent.ForkJoinTask.invoke(ForkJoinTask.java:734)
	at java.util.stream.ReduceOps$ReduceOp.evaluateParallel(ReduceOps.java:714)
	at java.util.stream.AbstractPipeline.evaluate(AbstractPipeline.java:233)
	at java.util.stream.ReferencePipeline.collect(ReferencePipeline.java:499)
	at org.openqa.selenium.remote.http.HttpClient$Factory.create(HttpClient.java:52)
	at org.openqa.selenium.remote.http.HttpClient$Factory.createDefault(HttpClient.java:70)
	at org.openqa.selenium.remote.HttpCommandExecutor.<clinit>(HttpCommandExecutor.java:47)
	at org.openqa.selenium.firefox.FirefoxDriver.toExecutor(FirefoxDriver.java:206)
	at org.openqa.selenium.firefox.FirefoxDriver.<init>(FirefoxDriver.java:176)
	at org.openqa.selenium.firefox.FirefoxDriver.<init>(FirefoxDriver.java:154)
	at example.NewTest.beforeTest(NewTest.java:22)
	at sun.reflect.NativeMethodAccessorImpl.invoke0(Native Method)
	at sun.reflect.NativeMethodAccessorImpl.invoke(NativeMethodAccessorImpl.java:62)
	at sun.reflect.DelegatingMethodAccessorImpl.invoke(DelegatingMethodAccessorImpl.java:43)
	at java.lang.reflect.Method.invoke(Method.java:498)
	at org.testng.internal.MethodInvocationHelper.invokeMethod(MethodInvocationHelper.java:85)
	at org.testng.internal.Invoker.invokeConfigurationMethod(Invoker.java:510)
	at org.testng.internal.Invoker.invokeConfigurations(Invoker.java:211)
	at org.testng.internal.Invoker.invokeConfigurations(Invoker.java:138)
	at org.testng.TestRunner.beforeRun(TestRunner.java:648)
	at org.testng.TestRunner.run(TestRunner.java:616)
	at org.testng.SuiteRunner.runTest(SuiteRunner.java:359)
	at org.testng.SuiteRunner.runSequentially(SuiteRunner.java:354)
	at org.testng.SuiteRunner.privateRun(SuiteRunner.java:312)
	at org.testng.SuiteRunner.run(SuiteRunner.java:261)
	at org.testng.SuiteRunnerWorker.runSuite(SuiteRunnerWorker.java:52)
	at org.testng.SuiteRunnerWorker.run(SuiteRunnerWorker.java:86)
	at org.testng.TestNG.runSuitesSequentially(TestNG.java:1215)
	at org.testng.TestNG.runSuitesLocally(TestNG.java:1140)
	at org.testng.TestNG.run(TestNG.java:1048)
	at org.testng.remote.AbstractRemoteTestNG.run(AbstractRemoteTestNG.java:115)
	at org.testng.remote.RemoteTestNG.initAndRun(RemoteTestNG.java:251)
	at org.testng.remote.RemoteTestNG.main(RemoteTestNG.java:77)
Caused by: java.lang.NoClassDefFoundError: okhttp3/ConnectionPool
	at org.openqa.selenium.remote.http.okhttp.OkHttpClient$Factory.<init>(OkHttpClient.java:76)
	at sun.reflect.NativeConstructorAccessorImpl.newInstance0(Native Method)
	at sun.reflect.NativeConstructorAccessorImpl.newInstance(NativeConstructorAccessorImpl.java:62)
	at sun.reflect.DelegatingConstructorAccessorImpl.newInstance(DelegatingConstructorAccessorImpl.java:45)
	at java.lang.reflect.Constructor.newInstance(Constructor.java:423)
	at java.lang.Class.newInstance(Class.java:442)
	at java.util.ServiceLoader$LazyIterator.nextService(ServiceLoader.java:380)
	... 40 more
Caused by: java.lang.ClassNotFoundException: okhttp3.ConnectionPool
	at java.net.URLClassLoader.findClass(URLClassLoader.java:382)
	at java.lang.ClassLoader.loadClass(ClassLoader.java:424)
	at sun.misc.Launcher$AppClassLoader.loadClass(Launcher.java:349)
	at java.lang.ClassLoader.loadClass(ClassLoader.java:357)
	... 47 more
]]>
            </full-stacktrace>
          </exception> <!-- java.util.ServiceConfigurationError -->
          <reporter-output>
          </reporter-output>
        </test-method> <!-- beforeTest -->
        <test-method status="SKIP" signature="testEasy()[pri:0, instance:example.NewTest@3ee0fea4]" name="testEasy" duration-ms="2" started-at="2020-06-12T22:08:54Z" finished-at="2020-06-12T22:08:54Z">
          <reporter-output>
          </reporter-output>
        </test-method> <!-- testEasy -->
        <test-method status="SKIP" signature="afterTest()[pri:0, instance:example.NewTest@3ee0fea4]" name="afterTest" is-config="true" duration-ms="0" started-at="2020-06-12T22:08:54Z" finished-at="2020-06-12T22:08:54Z">
          <reporter-output>
          </reporter-output>
        </test-method> <!-- afterTest -->
      </class> <!-- example.NewTest -->
    </test> <!-- Test -->
  </suite> <!-- Suite -->
</testng-results>
